<?xml version="1.0" encoding="utf-8"?><testsuites name="pytest tests"><testsuite name="pytest" errors="0" failures="0" skipped="0" tests="16" time="7.778" timestamp="2026-04-02T15:18:47.577401+00:00" hostname="agent-env-5a94335d-51a6-4c75-bb0b-96313faefb52"><testcase classname="backend.tests.test_subscription_auth.TestSubscriptionPlans" name="test_get_plans_returns_all_tiers" time="0.225" /><testcase classname="backend.tests.test_subscription_auth.TestSubscriptionPlans" name="test_subscription_status_unauthenticated" time="0.116" /><testcase classname="backend.tests.test_subscription_auth.TestAuthGating" name="test_login_with_valid_credentials" time="0.340" /><testcase classname="backend.tests.test_subscription_auth.TestAuthGating" name="test_login_with_invalid_credentials" time="0.142" /><testcase classname="backend.tests.test_subscription_auth.TestAuthGating" name="test_auth_me_unauthenticated" time="0.145" /><testcase classname="backend.tests.test_subscription_auth.TestAuthGating" name="test_auth_me_authenticated" time="0.451" /><testcase classname="backend.tests.test_subscription_auth.TestAuthGating" name="test_logout_clears_session" time="0.419" /><testcase classname="backend.tests.test_subscription_auth.TestAuthGating" name="test_register_new_user" time="0.350" /><testcase classname="backend.tests.test_subscription_auth.TestAIFeatureGating" name="test_ai_chat_blocked_for_free_users" time="0.534" /><testcase classname="backend.tests.test_subscription_auth.TestAIFeatureGating" name="test_ai_auto_generate_blocked_for_free_users" time="0.570" /><testcase classname="backend.tests.test_subscription_auth.TestStripeCheckout" name="test_checkout_requires_auth" time="0.128" /><testcase classname="backend.tests.test_subscription_auth.TestStripeCheckout" name="test_checkout_invalid_plan" time="0.383" /><testcase classname="backend.tests.test_subscription_auth.TestStripeCheckout" name="test_checkout_free_plan_rejected" time="0.395" /><testcase classname="backend.tests.test_subscription_auth.TestStripeCheckout" name="test_checkout_creator_plan_returns_url" time="1.372" /><testcase classname="backend.tests.test_subscription_auth.TestStripeCheckout" name="test_checkout_developer_plan_returns_url" time="0.759" /><testcase classname="backend.tests.test_subscription_auth.TestSubscriptionStatusAuthenticated" name="test_subscription_status_authenticated_free" time="1.183" /></testsuite></testsuites>