<?xml version="1.0" encoding="utf-8"?><testsuites name="pytest tests"><testsuite name="pytest" errors="0" failures="0" skipped="0" tests="12" time="8.803" timestamp="2026-04-03T03:36:17.926369+00:00" hostname="agent-env-5a94335d-51a6-4c75-bb0b-96313faefb52"><testcase classname="backend.tests.test_iteration15_caves_discovery.TestAuthentication" name="test_login_admin" time="0.370" /><testcase classname="backend.tests.test_iteration15_caves_discovery.TestConfigExports" name="test_reference_zones_endpoint" time="0.123" /><testcase classname="backend.tests.test_iteration15_caves_discovery.TestWorldsWithCavesAndDiscovery" name="test_get_worlds_list" time="0.657" /><testcase classname="backend.tests.test_iteration15_caves_discovery.TestWorldsWithCavesAndDiscovery" name="test_get_world_with_zones" time="0.819" /><testcase classname="backend.tests.test_iteration15_caves_discovery.TestWorldsWithCavesAndDiscovery" name="test_create_zone_with_caves_and_discovery" time="0.925" /><testcase classname="backend.tests.test_iteration15_caves_discovery.TestJARExport" name="test_jar_export_version" time="0.789" /><testcase classname="backend.tests.test_iteration15_caves_discovery.TestJARExport" name="test_jar_contains_readme" time="0.774" /><testcase classname="backend.tests.test_iteration15_caves_discovery.TestJARExport" name="test_jar_contains_mod_json_with_worldgen_systems" time="0.787" /><testcase classname="backend.tests.test_iteration15_caves_discovery.TestJARExport" name="test_jar_contains_placement_json" time="0.775" /><testcase classname="backend.tests.test_iteration15_caves_discovery.TestJARExport" name="test_jar_java_code_contains_hytale_api_classes" time="0.806" /><testcase classname="backend.tests.test_iteration15_caves_discovery.TestBackendModels" name="test_zone_config_accepts_caves" time="0.955" /><testcase classname="backend.tests.test_iteration15_caves_discovery.TestBackendModels" name="test_zone_config_accepts_discovery" time="0.932" /></testsuite></testsuites>