<?xml version="1.0" encoding="utf-8"?><testsuites name="pytest tests"><testsuite name="pytest" errors="0" failures="0" skipped="0" tests="24" time="9.403" timestamp="2026-04-01T22:38:23.108517+00:00" hostname="agent-env-5a94335d-51a6-4c75-bb0b-96313faefb52"><testcase classname="backend.tests.test_p4_auth.TestHealthCheck" name="test_health_endpoint" time="0.182" /><testcase classname="backend.tests.test_p4_auth.TestAuthEndpoints" name="test_login_with_admin_credentials" time="0.357" /><testcase classname="backend.tests.test_p4_auth.TestAuthEndpoints" name="test_login_invalid_credentials" time="0.118" /><testcase classname="backend.tests.test_p4_auth.TestAuthEndpoints" name="test_register_new_user" time="0.345" /><testcase classname="backend.tests.test_p4_auth.TestAuthEndpoints" name="test_register_duplicate_email" time="0.100" /><testcase classname="backend.tests.test_p4_auth.TestAuthEndpoints" name="test_get_current_user_authenticated" time="0.399" /><testcase classname="backend.tests.test_p4_auth.TestAuthEndpoints" name="test_get_current_user_unauthenticated" time="0.120" /><testcase classname="backend.tests.test_p4_auth.TestAuthEndpoints" name="test_logout" time="0.436" /><testcase classname="backend.tests.test_p4_auth.TestAuthEndpoints" name="test_refresh_token" time="0.391" /><testcase classname="backend.tests.test_p4_auth.TestUserProfile" name="test_get_user_profile" time="0.394" /><testcase classname="backend.tests.test_p4_auth.TestUserProfile" name="test_update_profile" time="0.464" /><testcase classname="backend.tests.test_p4_auth.TestUserProfile" name="test_update_profile_unauthenticated" time="0.112" /><testcase classname="backend.tests.test_p4_auth.TestWorldVersions" name="test_create_version" time="0.609" /><testcase classname="backend.tests.test_p4_auth.TestWorldVersions" name="test_list_versions" time="0.638" /><testcase classname="backend.tests.test_p4_auth.TestWorldVersions" name="test_restore_version" time="0.677" /><testcase classname="backend.tests.test_p4_auth.TestWorldVisibility" name="test_toggle_visibility_public" time="0.599" /><testcase classname="backend.tests.test_p4_auth.TestWorldVisibility" name="test_toggle_visibility_private" time="0.563" /><testcase classname="backend.tests.test_p4_auth.TestWorldVisibility" name="test_visibility_requires_auth" time="0.360" /><testcase classname="backend.tests.test_p4_auth.TestReviews" name="test_get_reviews" time="0.501" /><testcase classname="backend.tests.test_p4_auth.TestReviews" name="test_create_review" time="0.788" /><testcase classname="backend.tests.test_p4_auth.TestReviews" name="test_create_review_requires_auth" time="0.503" /><testcase classname="backend.tests.test_p4_auth.TestExistingFeatures" name="test_worlds_crud" time="0.393" /><testcase classname="backend.tests.test_p4_auth.TestExistingFeatures" name="test_templates_endpoint" time="0.123" /><testcase classname="backend.tests.test_p4_auth.TestExistingFeatures" name="test_gallery_endpoint" time="0.109" /></testsuite></testsuites>