<?xml version="1.0" encoding="utf-8"?><testsuites name="pytest tests"><testsuite name="pytest" errors="0" failures="0" skipped="0" tests="29" time="18.462" timestamp="2026-04-02T00:22:19.520649+00:00" hostname="agent-env-5a94335d-51a6-4c75-bb0b-96313faefb52"><testcase classname="backend.tests.test_iteration7_thumbnail.TestThumbnailGeneration" name="test_generate_thumbnail_success" time="14.841" /><testcase classname="backend.tests.test_iteration7_thumbnail.TestThumbnailGeneration" name="test_generate_thumbnail_empty_world" time="0.101" /><testcase classname="backend.tests.test_iteration7_thumbnail.TestThumbnailGeneration" name="test_generate_thumbnail_nonexistent_world" time="0.050" /><testcase classname="backend.tests.test_iteration7_thumbnail.TestThumbnailRetrieval" name="test_get_thumbnail_auto_generates" time="0.051" /><testcase classname="backend.tests.test_iteration7_thumbnail.TestThumbnailRetrieval" name="test_get_thumbnail_returns_cached" time="0.105" /><testcase classname="backend.tests.test_iteration7_thumbnail.TestThumbnailRetrieval" name="test_get_thumbnail_nonexistent_world" time="0.052" /><testcase classname="backend.tests.test_iteration7_thumbnail.TestThumbnailInGallery" name="test_publish_generates_thumbnail" time="0.112" /><testcase classname="backend.tests.test_iteration7_thumbnail.TestThumbnailInGallery" name="test_gallery_browse_returns_thumbnails" time="0.152" /><testcase classname="backend.tests.test_iteration7_thumbnail.TestAuthRegression" name="test_login_success" time="0.288" /><testcase classname="backend.tests.test_iteration7_thumbnail.TestAuthRegression" name="test_login_invalid_credentials" time="0.056" /><testcase classname="backend.tests.test_iteration7_thumbnail.TestAuthRegression" name="test_get_me_authenticated" time="0.046" /><testcase classname="backend.tests.test_iteration7_thumbnail.TestAuthRegression" name="test_get_me_unauthenticated" time="0.102" /><testcase classname="backend.tests.test_iteration7_thumbnail.TestWorldCRUDRegression" name="test_create_world" time="0.114" /><testcase classname="backend.tests.test_iteration7_thumbnail.TestWorldCRUDRegression" name="test_list_worlds" time="0.203" /><testcase classname="backend.tests.test_iteration7_thumbnail.TestWorldCRUDRegression" name="test_get_world" time="0.048" /><testcase classname="backend.tests.test_iteration7_thumbnail.TestWorldCRUDRegression" name="test_update_world" time="0.088" /><testcase classname="backend.tests.test_iteration7_thumbnail.TestWorldCRUDRegression" name="test_delete_world" time="0.147" /><testcase classname="backend.tests.test_iteration7_thumbnail.TestGalleryRegression" name="test_browse_gallery" time="0.064" /><testcase classname="backend.tests.test_iteration7_thumbnail.TestGalleryRegression" name="test_gallery_sort_options" time="0.315" /><testcase classname="backend.tests.test_iteration7_thumbnail.TestGalleryRegression" name="test_gallery_search" time="0.056" /><testcase classname="backend.tests.test_iteration7_thumbnail.TestGalleryRegression" name="test_gallery_like" time="0.106" /><testcase classname="backend.tests.test_iteration7_thumbnail.TestGalleryForkRegression" name="test_fork_from_gallery" time="0.104" /><testcase classname="backend.tests.test_iteration7_thumbnail.TestCollaboratorRegression" name="test_get_collaborators" time="0.046" /><testcase classname="backend.tests.test_iteration7_thumbnail.TestCollaboratorRegression" name="test_add_collaborator" time="0.556" /><testcase classname="backend.tests.test_iteration7_thumbnail.TestUserSearchRegression" name="test_search_users" time="0.067" /><testcase classname="backend.tests.test_iteration7_thumbnail.TestActivityFeedRegression" name="test_activity_feed_requires_auth" time="0.150" /><testcase classname="backend.tests.test_iteration7_thumbnail.TestActivityFeedRegression" name="test_activity_feed_authenticated" time="0.045" /><testcase classname="backend.tests.test_iteration7_thumbnail.TestNotificationsRegression" name="test_notifications_requires_auth" time="0.132" /><testcase classname="backend.tests.test_iteration7_thumbnail.TestNotificationsRegression" name="test_notifications_authenticated" time="0.151" /></testsuite></testsuites>