<?xml version="1.0" encoding="utf-8"?><testsuites name="pytest tests"><testsuite name="pytest" errors="0" failures="0" skipped="0" tests="14" time="4.839" timestamp="2026-04-02T22:16:18.376378+00:00" hostname="agent-env-5a94335d-51a6-4c75-bb0b-96313faefb52"><testcase classname="backend.tests.test_iteration14_features.TestOGEndpoint" name="test_og_endpoint_returns_html" time="0.200" /><testcase classname="backend.tests.test_iteration14_features.TestOGEndpoint" name="test_og_endpoint_contains_world_name" time="0.184" /><testcase classname="backend.tests.test_iteration14_features.TestOGEndpoint" name="test_og_endpoint_invalid_token" time="0.121" /><testcase classname="backend.tests.test_iteration14_features.TestContextSplitRegression" name="test_auth_context_login" time="0.326" /><testcase classname="backend.tests.test_iteration14_features.TestContextSplitRegression" name="test_auth_context_me_endpoint" time="0.481" /><testcase classname="backend.tests.test_iteration14_features.TestContextSplitRegression" name="test_subscription_context_status" time="0.401" /><testcase classname="backend.tests.test_iteration14_features.TestContextSplitRegression" name="test_social_context_notifications" time="0.405" /><testcase classname="backend.tests.test_iteration14_features.TestContextSplitRegression" name="test_app_context_worlds" time="0.547" /><testcase classname="backend.tests.test_iteration14_features.TestContextSplitRegression" name="test_app_context_templates" time="0.389" /><testcase classname="backend.tests.test_iteration14_features.TestContextSplitRegression" name="test_app_context_custom_prefabs" time="0.423" /><testcase classname="backend.tests.test_iteration14_features.TestCORSMonitoring" name="test_cors_allows_valid_origin" time="0.110" /><testcase classname="backend.tests.test_iteration14_features.TestCORSMonitoring" name="test_health_endpoint" time="0.131" /><testcase classname="backend.tests.test_iteration14_features.TestShareDialogFeatures" name="test_share_info_endpoint" time="0.594" /><testcase classname="backend.tests.test_iteration14_features.TestShareDialogFeatures" name="test_shared_world_public_endpoint" time="0.437" /></testsuite></testsuites>