<?xml version="1.0" encoding="utf-8"?><testsuites name="pytest tests"><testsuite name="pytest" errors="0" failures="0" skipped="0" tests="9" time="3.119" timestamp="2026-04-02T15:47:53.277619+00:00" hostname="agent-env-5a94335d-51a6-4c75-bb0b-96313faefb52"><testcase classname="backend.tests.test_subscription_management.TestSubscriptionHistory" name="test_history_requires_auth" time="0.246" /><testcase classname="backend.tests.test_subscription_management.TestSubscriptionHistory" name="test_history_returns_transactions" time="0.371" /><testcase classname="backend.tests.test_subscription_management.TestSubscriptionCancel" name="test_cancel_requires_auth" time="0.137" /><testcase classname="backend.tests.test_subscription_management.TestSubscriptionCancel" name="test_cancel_returns_400_for_free_user" time="0.513" /><testcase classname="backend.tests.test_subscription_management.TestSubscriptionStatus" name="test_status_returns_plan_info" time="0.385" /><testcase classname="backend.tests.test_subscription_management.TestSubscriptionPlans" name="test_plans_returns_all_plans" time="0.119" /><testcase classname="backend.tests.test_subscription_management.TestAuthEndpoints" name="test_login_works" time="0.358" /><testcase classname="backend.tests.test_subscription_management.TestAuthEndpoints" name="test_me_endpoint" time="0.391" /><testcase classname="backend.tests.test_subscription_management.TestAIGating" name="test_ai_chat_gated_for_free_users" time="0.515" /></testsuite></testsuites>