<?xml version="1.0" encoding="utf-8"?><testsuites name="pytest tests"><testsuite name="pytest" errors="0" failures="0" skipped="0" tests="14" time="8.335" timestamp="2026-04-02T15:37:37.628494+00:00" hostname="agent-env-5a94335d-51a6-4c75-bb0b-96313faefb52"><testcase classname="backend.tests.test_paypal_integration.TestPayPalIntegration" name="test_paypal_checkout_requires_auth" time="0.529" /><testcase classname="backend.tests.test_paypal_integration.TestPayPalIntegration" name="test_paypal_checkout_rejects_invalid_plan" time="0.439" /><testcase classname="backend.tests.test_paypal_integration.TestPayPalIntegration" name="test_paypal_checkout_rejects_free_plan" time="0.491" /><testcase classname="backend.tests.test_paypal_integration.TestPayPalIntegration" name="test_paypal_checkout_requires_origin_url" time="0.441" /><testcase classname="backend.tests.test_paypal_integration.TestPayPalIntegration" name="test_paypal_checkout_creator_plan" time="1.441" /><testcase classname="backend.tests.test_paypal_integration.TestPayPalIntegration" name="test_paypal_checkout_developer_plan" time="1.296" /><testcase classname="backend.tests.test_paypal_integration.TestPayPalIntegration" name="test_paypal_capture_requires_auth" time="0.524" /><testcase classname="backend.tests.test_paypal_integration.TestPayPalIntegration" name="test_paypal_capture_invalid_order" time="0.499" /><testcase classname="backend.tests.test_paypal_integration.TestPayPalIntegration" name="test_stripe_checkout_still_works" time="0.956" /><testcase classname="backend.tests.test_paypal_integration.TestPayPalIntegration" name="test_subscription_plans_endpoint" time="0.490" /><testcase classname="backend.tests.test_paypal_integration.TestPayPalIntegration" name="test_subscription_status_endpoint" time="0.454" /><testcase classname="backend.tests.test_paypal_integration.TestPayPalIntegration" name="test_ai_chat_gating" time="0.491" /><testcase classname="backend.tests.test_paypal_integration.TestPayPalEndpointsNoAuth" name="test_paypal_checkout_no_auth" time="0.108" /><testcase classname="backend.tests.test_paypal_integration.TestPayPalEndpointsNoAuth" name="test_paypal_capture_no_auth" time="0.103" /></testsuite></testsuites>