<?xml version="1.0" encoding="utf-8"?><testsuites name="pytest tests"><testsuite name="pytest" errors="0" failures="0" skipped="0" tests="9" time="6.325" timestamp="2026-04-02T21:19:36.167971+00:00" hostname="agent-env-5a94335d-51a6-4c75-bb0b-96313faefb52"><testcase classname="backend.tests.test_share_world.TestShareWorldAPI" name="test_get_share_info_authenticated" time="0.644" /><testcase classname="backend.tests.test_share_world.TestShareWorldAPI" name="test_toggle_share_on" time="0.623" /><testcase classname="backend.tests.test_share_world.TestShareWorldAPI" name="test_toggle_share_off" time="0.710" /><testcase classname="backend.tests.test_share_world.TestShareWorldAPI" name="test_get_share_info_unauthenticated" time="0.639" /><testcase classname="backend.tests.test_share_world.TestShareWorldAPI" name="test_toggle_share_nonexistent_world" time="0.623" /><testcase classname="backend.tests.test_share_world.TestPublicSharedEndpoint" name="test_get_shared_world_public" time="0.751" /><testcase classname="backend.tests.test_share_world.TestPublicSharedEndpoint" name="test_get_shared_world_invalid_token" time="0.774" /><testcase classname="backend.tests.test_share_world.TestPublicSharedEndpoint" name="test_get_shared_world_disabled" time="1.235" /><testcase classname="backend.tests.test_share_world.TestKnownShareToken" name="test_known_share_token" time="0.127" /></testsuite></testsuites>