<?xml version="1.0" encoding="utf-8"?><testsuites name="pytest tests"><testsuite name="pytest" errors="0" failures="0" skipped="0" tests="26" time="3.567" timestamp="2026-04-02T00:07:43.634681+00:00" hostname="agent-env-5a94335d-51a6-4c75-bb0b-96313faefb52"><testcase classname="backend.tests.test_iteration6_features.TestUserSearch" name="test_search_users_by_name" time="0.163" /><testcase classname="backend.tests.test_iteration6_features.TestUserSearch" name="test_search_users_short_query" time="0.049" /><testcase classname="backend.tests.test_iteration6_features.TestUserSearch" name="test_search_users_no_results" time="0.050" /><testcase classname="backend.tests.test_iteration6_features.TestSuggestedUsers" name="test_suggested_users_requires_auth" time="0.069" /><testcase classname="backend.tests.test_iteration6_features.TestSuggestedUsers" name="test_suggested_users_authenticated" time="0.399" /><testcase classname="backend.tests.test_iteration6_features.TestActivityFeed" name="test_activity_feed_requires_auth" time="0.119" /><testcase classname="backend.tests.test_iteration6_features.TestActivityFeed" name="test_activity_feed_authenticated" time="0.050" /><testcase classname="backend.tests.test_iteration6_features.TestWorldFork" name="test_fork_world_requires_auth" time="0.149" /><testcase classname="backend.tests.test_iteration6_features.TestWorldFork" name="test_fork_world_success" time="0.150" /><testcase classname="backend.tests.test_iteration6_features.TestWorldFork" name="test_fork_nonexistent_world" time="0.050" /><testcase classname="backend.tests.test_iteration6_features.TestGalleryFork" name="test_fork_from_gallery_requires_auth" time="0.166" /><testcase classname="backend.tests.test_iteration6_features.TestGalleryFork" name="test_fork_from_gallery_success" time="0.114" /><testcase classname="backend.tests.test_iteration6_features.TestGalleryFilters" name="test_gallery_filter_by_zone_type" time="0.051" /><testcase classname="backend.tests.test_iteration6_features.TestGalleryFilters" name="test_gallery_filter_by_min_rating" time="0.052" /><testcase classname="backend.tests.test_iteration6_features.TestGalleryFilters" name="test_gallery_sort_by_rating" time="0.055" /><testcase classname="backend.tests.test_iteration6_features.TestGalleryFilters" name="test_gallery_following_only_requires_auth" time="0.047" /><testcase classname="backend.tests.test_iteration6_features.TestGalleryFilters" name="test_gallery_following_only_authenticated" time="0.051" /><testcase classname="backend.tests.test_iteration6_features.TestCollaborators" name="test_get_collaborators" time="0.051" /><testcase classname="backend.tests.test_iteration6_features.TestCollaborators" name="test_add_collaborator_requires_auth" time="0.110" /><testcase classname="backend.tests.test_iteration6_features.TestCollaborators" name="test_add_collaborator_as_owner" time="0.506" /><testcase classname="backend.tests.test_iteration6_features.TestCollaborators" name="test_update_collaborator_role" time="0.102" /><testcase classname="backend.tests.test_iteration6_features.TestCollaborators" name="test_remove_collaborator" time="0.053" /><testcase classname="backend.tests.test_iteration6_features.TestCollaboratorPermissions" name="test_editor_can_update_world" time="0.478" /><testcase classname="backend.tests.test_iteration6_features.TestCollaboratorPermissions" name="test_non_collaborator_cannot_update" time="0.062" /><testcase classname="backend.tests.test_iteration6_features.TestWebSocketNotifications" name="test_websocket_notification_endpoint_exists" time="0.000" /><testcase classname="backend.tests.test_iteration6_features" name="test_websocket_notifications_ping_pong" time="0.340" /></testsuite></testsuites>