<?xml version="1.0" encoding="utf-8"?><testsuites name="pytest tests"><testsuite name="pytest" errors="0" failures="0" skipped="0" tests="43" time="21.304" timestamp="2026-04-01T23:10:09.326073+00:00" hostname="agent-env-5a94335d-51a6-4c75-bb0b-96313faefb52"><testcase classname="tests.test_regression_p5.TestHealthAndBasics" name="test_health_endpoint" time="0.259" /><testcase classname="tests.test_regression_p5.TestHealthAndBasics" name="test_root_endpoint" time="0.161" /><testcase classname="tests.test_regression_p5.TestAuthentication" name="test_admin_login_success" time="0.410" /><testcase classname="tests.test_regression_p5.TestAuthentication" name="test_login_invalid_credentials" time="0.379" /><testcase classname="tests.test_regression_p5.TestAuthentication" name="test_get_me_authenticated" time="0.434" /><testcase classname="tests.test_regression_p5.TestAuthentication" name="test_get_me_unauthenticated" time="0.102" /><testcase classname="tests.test_regression_p5.TestAuthentication" name="test_register_new_user" time="0.321" /><testcase classname="tests.test_regression_p5.TestAuthentication" name="test_register_duplicate_email" time="0.156" /><testcase classname="tests.test_regression_p5.TestAuthentication" name="test_logout" time="0.424" /><testcase classname="tests.test_regression_p5.TestWorldsCRUD" name="test_list_worlds" time="0.612" /><testcase classname="tests.test_regression_p5.TestWorldsCRUD" name="test_create_world" time="0.390" /><testcase classname="tests.test_regression_p5.TestWorldsCRUD" name="test_get_world_by_id" time="0.496" /><testcase classname="tests.test_regression_p5.TestWorldsCRUD" name="test_update_world" time="0.430" /><testcase classname="tests.test_regression_p5.TestWorldsCRUD" name="test_delete_world" time="0.585" /><testcase classname="tests.test_regression_p5.TestTemplates" name="test_get_templates" time="0.123" /><testcase classname="tests.test_regression_p5.TestTemplates" name="test_create_from_template" time="0.531" /><testcase classname="tests.test_regression_p5.TestExports" name="test_export_json" time="0.507" /><testcase classname="tests.test_regression_p5.TestExports" name="test_export_hytale" time="0.436" /><testcase classname="tests.test_regression_p5.TestExports" name="test_export_prefab" time="0.469" /><testcase classname="tests.test_regression_p5.TestExports" name="test_export_jar" time="0.459" /><testcase classname="tests.test_regression_p5.TestGallery" name="test_browse_gallery" time="0.420" /><testcase classname="tests.test_regression_p5.TestGallery" name="test_publish_to_gallery" time="0.421" /><testcase classname="tests.test_regression_p5.TestGallery" name="test_like_gallery_entry" time="0.449" /><testcase classname="tests.test_regression_p5.TestGallery" name="test_download_from_gallery" time="0.471" /><testcase classname="tests.test_regression_p5.TestReviews" name="test_get_reviews" time="0.442" /><testcase classname="tests.test_regression_p5.TestReviews" name="test_create_review" time="0.838" /><testcase classname="tests.test_regression_p5.TestVersions" name="test_create_version" time="0.439" /><testcase classname="tests.test_regression_p5.TestVersions" name="test_list_versions" time="0.479" /><testcase classname="tests.test_regression_p5.TestVersions" name="test_restore_version" time="0.534" /><testcase classname="tests.test_regression_p5.TestVisibility" name="test_set_private" time="0.470" /><testcase classname="tests.test_regression_p5.TestVisibility" name="test_set_public" time="0.449" /><testcase classname="tests.test_regression_p5.TestSocialFeatures" name="test_follow_user" time="0.749" /><testcase classname="tests.test_regression_p5.TestSocialFeatures" name="test_follow_self_fails" time="0.733" /><testcase classname="tests.test_regression_p5.TestSocialFeatures" name="test_unfollow_user" time="0.782" /><testcase classname="tests.test_regression_p5.TestSocialFeatures" name="test_get_followers" time="0.829" /><testcase classname="tests.test_regression_p5.TestSocialFeatures" name="test_get_following" time="0.769" /><testcase classname="tests.test_regression_p5.TestSocialFeatures" name="test_is_following" time="0.779" /><testcase classname="tests.test_regression_p5.TestNotifications" name="test_get_notifications" time="0.382" /><testcase classname="tests.test_regression_p5.TestNotifications" name="test_mark_all_read" time="0.403" /><testcase classname="tests.test_regression_p5.TestUserProfile" name="test_get_profile" time="0.405" /><testcase classname="tests.test_regression_p5.TestUserProfile" name="test_update_profile" time="0.476" /><testcase classname="tests.test_regression_p5.TestPermissions" name="test_non_owner_cannot_edit_world" time="0.770" /><testcase classname="tests.test_regression_p5.TestPermissions" name="test_non_owner_cannot_delete_world" time="0.993" /></testsuite></testsuites>